<?xml version="1.0" encoding="UTF-8"?>
<robot generator="Robot 5.0.1 (Python 3.9.13 on win32)" generated="20230614 11:56:33.799" rpa="true" schemaversion="3">
<suite id="s1" name="Wellskyheader" source="d:\Users\mohammed.shadhir\Documents\robo-framework\E5 Repo\rf-wellsky-fb-worker-private\robots\pages\wellsky\common\wellskyheader.robot">
<test id="s1-t1" name="click_logout" line="11">
<kw name="load-selectors" library="LoginPage">
<kw name="Initialize Selectors" library="Config">
<var>${selectors}</var>
<arg>./yamls/selectors.yaml</arg>
<msg timestamp="20230614 11:56:37.794" level="INFO">${selectors} = {'e5': {'wellsky': {'header': {'breadcrumb': 'id=breadcrumb', 'home-page': '//img[@class="header-img" and @id="menuImg"]'}, 'loginpage': {'title': '//title', 'loginform': {'username': 'id=username', '...</msg>
<status status="PASS" starttime="20230614 11:56:37.770" endtime="20230614 11:56:37.799"/>
</kw>
<kw name="Set Global Variable" library="BuiltIn">
<arg>${selectors}</arg>
<doc>Makes a variable available globally in all tests and suites.</doc>
<msg timestamp="20230614 11:56:37.804" level="INFO">${selectors} = {'e5': {'wellsky': {'header': {'breadcrumb': 'id=breadcrumb', 'home-page': '//img[@class="header-img" and @id="menuImg"]'}, 'loginpage': {'title': '//title', 'loginform': {'username': 'id=username', '...</msg>
<status status="PASS" starttime="20230614 11:56:37.801" endtime="20230614 11:56:37.805"/>
</kw>
<status status="PASS" starttime="20230614 11:56:37.766" endtime="20230614 11:56:37.806"/>
</kw>
<kw name="launch" library="CommonUtilities">
<kw name="New Browser" library="RPA.Browser.Playwright">
<arg>chromium</arg>
<arg>headless=False</arg>
<tag>BrowserControl</tag>
<tag>Setter</tag>
<doc>Create a new playwright Browser with specified options.</doc>
<msg timestamp="20230614 11:56:37.826" level="INFO">{"browser": "chromium", "headless": false, "devtools": false, "handleSIGHUP": true, "handleSIGINT": true, "handleSIGTERM": true, "slowMo": 0.0, "timeout": 30000.0, "deprecated_pos_args": [], "tracesDir": "D:\\Users\\mohammed.shadhir\\Documents\\robo-framework\\E5 Repo\\rf-wellsky-fb-worker-private\\browser\\traces\\a4225478-59d0-4a1d-a9ea-6aace56298f3"}</msg>
<msg timestamp="20230614 11:56:38.789" level="INFO">Successfully created browser with options: {"browser":"chromium","headless":false,"devtools":false,"handleSIGHUP":true,"handleSIGINT":true,"handleSIGTERM":true,"slowMo":0,"timeout":30000,"deprecated_pos_args":[],"tracesDir":"D:\\Users\\mohammed.shadhir\\Documents\\robo-framework\\E5 Repo\\rf-wellsky-fb-worker-private\\browser\\traces\\a4225478-59d0-4a1d-a9ea-6aace56298f3"}</msg>
<status status="PASS" starttime="20230614 11:56:37.818" endtime="20230614 11:56:38.791"/>
</kw>
<kw name="New Context" library="RPA.Browser.Playwright">
<arg>viewport={'width': 1280, 'height': 720}</arg>
<arg>acceptDownloads=True</arg>
<arg>ignoreHTTPSErrors=False</arg>
<tag>BrowserControl</tag>
<tag>Setter</tag>
<doc>Create a new BrowserContext with specified options.</doc>
<msg timestamp="20230614 11:56:38.810" level="INFO">{
  "acceptDownloads": true,
  "bypassCSP": false,
  "forcedColors": "none",
  "hideRfBrowser": false,
  "ignoreHTTPSErrors": false,
  "javaScriptEnabled": true,
  "offline": false,
  "reducedMotion": "no-preference",
  "viewport": {
    "height": 720,
    "width": 1280
  },
  "deprecated_pos_args": []
}</msg>
<msg timestamp="20230614 11:56:38.847" level="INFO">Successfully created context. </msg>
<msg timestamp="20230614 11:56:38.848" level="INFO">{'acceptDownloads': True, 'bypassCSP': False, 'forcedColors': 'none', 'hideRfBrowser': False, 'ignoreHTTPSErrors': False, 'javaScriptEnabled': True, 'offline': False, 'reducedMotion': 'no-preference', 'viewport': {'height': 720, 'width': 1280}, 'deprecated_pos_args': []}</msg>
<status status="PASS" starttime="20230614 11:56:38.794" endtime="20230614 11:56:38.849"/>
</kw>
<kw name="New Page" library="RPA.Browser.Playwright">
<arg>https://www.kinnser.net</arg>
<tag>BrowserControl</tag>
<tag>Setter</tag>
<doc>Open a new Page.</doc>
<msg timestamp="20230614 11:56:40.420" level="INFO">Successfully initialized new page object and opened url: https://www.kinnser.net</msg>
<status status="PASS" starttime="20230614 11:56:38.852" endtime="20230614 11:56:40.423"/>
</kw>
<status status="PASS" starttime="20230614 11:56:37.814" endtime="20230614 11:56:40.426"/>
</kw>
<kw name="set-username" library="LoginPage">
<arg>E5Bot1</arg>
<kw name="check-page-title-and-data-form-name" library="CommonUtilities">
<var>${is_valid_landing_page}</var>
<arg>xpath=${login_page_xpath}</arg>
<arg>css=${login_page_css}</arg>
<tag>function</tag>
<doc>validates page title and data form name</doc>
<kw name="Set Variable" library="BuiltIn">
<var>${has_precondition_passed}</var>
<arg>${False}</arg>
<doc>Returns the given values which can then be assigned to a variables.</doc>
<msg timestamp="20230614 11:56:40.460" level="INFO">${has_precondition_passed} = False</msg>
<status status="PASS" starttime="20230614 11:56:40.456" endtime="20230614 11:56:40.468"/>
</kw>
<kw name="Get Element" library="RPA.Browser.Playwright">
<var>${login_form_name}</var>
<arg>${data_form}</arg>
<tag>Getter</tag>
<tag>PageContent</tag>
<doc>Returns a reference to a Playwright [https://playwright.dev/docs/api/class-locator|Locator].</doc>
<msg timestamp="20230614 11:56:40.699" level="INFO">Locator found successfully.</msg>
<msg timestamp="20230614 11:56:40.701" level="INFO">${login_form_name} = element=2bd689fe-abcc-44a9-8ed5-624428d90bc3</msg>
<status status="PASS" starttime="20230614 11:56:40.471" endtime="20230614 11:56:40.702"/>
</kw>
<kw name="Get Attribute" library="RPA.Browser.Playwright">
<var>${form_name}</var>
<arg>${login_form_name}</arg>
<arg>id</arg>
<tag>Assertion</tag>
<tag>Getter</tag>
<tag>PageContent</tag>
<doc>Returns the HTML ``attribute`` of the element found by ``selector``.</doc>
<msg timestamp="20230614 11:56:40.747" level="INFO">${form_name} = loginform</msg>
<status status="PASS" starttime="20230614 11:56:40.705" endtime="20230614 11:56:40.748"/>
</kw>
<kw name="Get Element" library="RPA.Browser.Playwright">
<var>${title_element}</var>
<arg>${title}</arg>
<tag>Getter</tag>
<tag>PageContent</tag>
<doc>Returns a reference to a Playwright [https://playwright.dev/docs/api/class-locator|Locator].</doc>
<msg timestamp="20230614 11:56:40.771" level="INFO">Locator found successfully.</msg>
<msg timestamp="20230614 11:56:40.773" level="INFO">${title_element} = element=b678ed72-0b8c-4ee3-a873-a45210b124a3</msg>
<status status="PASS" starttime="20230614 11:56:40.750" endtime="20230614 11:56:40.773"/>
</kw>
<kw name="Get Property" library="RPA.Browser.Playwright">
<var>${page_title}</var>
<arg>${title_element}</arg>
<arg>innerHTML</arg>
<tag>Assertion</tag>
<tag>Getter</tag>
<tag>PageContent</tag>
<doc>Returns the ``property`` of the element found by ``selector``.</doc>
<msg timestamp="20230614 11:56:40.799" level="INFO">${page_title} = Kinnser Software</msg>
<status status="PASS" starttime="20230614 11:56:40.775" endtime="20230614 11:56:40.800"/>
</kw>
<if>
<branch type="IF" condition="&quot;${form_name}&quot; == &quot;loginform&quot; and &quot;${page_title}&quot; == &quot;Kinnser Software&quot;">
<kw name="Set Variable" library="BuiltIn">
<var>${has_precondition_passed}</var>
<arg>${True}</arg>
<doc>Returns the given values which can then be assigned to a variables.</doc>
<msg timestamp="20230614 11:56:40.809" level="INFO">${has_precondition_passed} = True</msg>
<status status="PASS" starttime="20230614 11:56:40.805" endtime="20230614 11:56:40.810"/>
</kw>
<status status="PASS" starttime="20230614 11:56:40.803" endtime="20230614 11:56:40.811"/>
</branch>
<status status="PASS" starttime="20230614 11:56:40.801" endtime="20230614 11:56:40.813"/>
</if>
<return>
<value>${has_precondition_passed}</value>
<status status="PASS" starttime="20230614 11:56:40.813" endtime="20230614 11:56:40.816"/>
</return>
<msg timestamp="20230614 11:56:40.819" level="INFO">${is_valid_landing_page} = True</msg>
<status status="PASS" starttime="20230614 11:56:40.448" endtime="20230614 11:56:40.820"/>
</kw>
<if>
<branch type="IF" condition="${is_valid_landing_page} == ${false}">
<kw name="custom-fail" library="Exception">
<arg>${LOGIN_PAGE_NOT_LOADED_ERROR}</arg>
<tag>exception</tag>
<doc>wrapper over the builtin Fail keyword, to support additional operations during failure</doc>
<status status="NOT RUN" starttime="20230614 11:56:40.825" endtime="20230614 11:56:40.826"/>
</kw>
<status status="NOT RUN" starttime="20230614 11:56:40.822" endtime="20230614 11:56:40.827"/>
</branch>
<status status="PASS" starttime="20230614 11:56:40.821" endtime="20230614 11:56:40.829"/>
</if>
<try>
<branch type="TRY">
<kw name="get-loginform-selector" library="LoginPage">
<var>${user-name-selector}</var>
<arg>username</arg>
<return>
<value>${selectors}[e5][wellsky][loginpage][loginform][${field-selector}]</value>
<status status="PASS" starttime="20230614 11:56:40.835" endtime="20230614 11:56:40.836"/>
</return>
<msg timestamp="20230614 11:56:40.839" level="INFO">${user-name-selector} = id=username</msg>
<status status="PASS" starttime="20230614 11:56:40.832" endtime="20230614 11:56:40.840"/>
</kw>
<kw name="Log To Console" library="BuiltIn">
<arg>${user-name-selector}</arg>
<doc>Logs the given message to the console.</doc>
<status status="PASS" starttime="20230614 11:56:40.841" endtime="20230614 11:56:40.844"/>
</kw>
<kw name="set-value" library="InputTextComponent">
<arg>${user-name-selector}</arg>
<arg>${username}</arg>
<arg>${global-retry-count}</arg>
<tag>component</tag>
<doc>Updates Field Value and checks for post condition
And retries if the retry value is provided</doc>
<kw name="fail-if-not-attached" library="Validation">
<arg>${selector}</arg>
<tag>validation</tag>
<doc>Throws error if the element is not attanched to the DOM</doc>
<kw name="is-attached" library="ComponentStatus">
<var>${is-attached}</var>
<arg>${selector}</arg>
<tag>component</tag>
<doc>checks whether the given selector is attached to the DOM</doc>
<kw name="get-element-state" library="ComponentStatus">
<var>${result}</var>
<arg>${selector}</arg>
<arg>${ELEMENT_STATE_ATTACHED}</arg>
<tag>component</tag>
<doc>Used to get the element state</doc>
<kw name="Run Keyword And Return Status" library="BuiltIn">
<var>${result}</var>
<arg>Wait For Elements State</arg>
<arg>${selector}</arg>
<arg>${state}</arg>
<doc>Runs the given keyword with given arguments and returns the status as a Boolean value.</doc>
<kw name="Wait For Elements State" library="RPA.Browser.Playwright">
<arg>${selector}</arg>
<arg>${state}</arg>
<tag>PageContent</tag>
<tag>Wait</tag>
<doc>Waits for the element found by ``selector`` to satisfy state option.</doc>
<msg timestamp="20230614 11:56:40.899" level="INFO">Waited for Element with selector id=username at state attached</msg>
<status status="PASS" starttime="20230614 11:56:40.878" endtime="20230614 11:56:40.900"/>
</kw>
<msg timestamp="20230614 11:56:40.902" level="INFO">${result} = True</msg>
<status status="PASS" starttime="20230614 11:56:40.874" endtime="20230614 11:56:40.903"/>
</kw>
<return>
<value>${result}</value>
<status status="PASS" starttime="20230614 11:56:40.904" endtime="20230614 11:56:40.905"/>
</return>
<msg timestamp="20230614 11:56:40.913" level="INFO">${result} = True</msg>
<status status="PASS" starttime="20230614 11:56:40.866" endtime="20230614 11:56:40.914"/>
</kw>
<return>
<value>${result}</value>
<status status="PASS" starttime="20230614 11:56:40.915" endtime="20230614 11:56:40.917"/>
</return>
<msg timestamp="20230614 11:56:40.921" level="INFO">${is-attached} = True</msg>
<status status="PASS" starttime="20230614 11:56:40.860" endtime="20230614 11:56:40.922"/>
</kw>
<if>
<branch type="IF" condition="${is-attached} == ${False}">
<kw name="Fail" library="BuiltIn">
<arg>${ELEMENT_NOT_ATTACHED}</arg>
<doc>Fails the test with the given message and optionally alters its tags.</doc>
<status status="NOT RUN" starttime="20230614 11:56:40.930" endtime="20230614 11:56:40.933"/>
</kw>
<status status="NOT RUN" starttime="20230614 11:56:40.926" endtime="20230614 11:56:40.938"/>
</branch>
<status status="PASS" starttime="20230614 11:56:40.924" endtime="20230614 11:56:40.939"/>
</if>
<status status="PASS" starttime="20230614 11:56:40.854" endtime="20230614 11:56:40.941"/>
</kw>
<kw name="fail-if-not-editable" library="Validation">
<arg>${selector}</arg>
<tag>validation</tag>
<doc>Throws error if the element is not editable</doc>
<kw name="is-editable" library="ComponentStatus">
<var>${is-editable}</var>
<arg>${selector}</arg>
<tag>component</tag>
<doc>checks whether the given selector is editable</doc>
<kw name="get-element-state" library="ComponentStatus">
<var>${result}</var>
<arg>${selector}</arg>
<arg>${ELEMENT_STATE_EDITABLE}</arg>
<tag>component</tag>
<doc>Used to get the element state</doc>
<kw name="Run Keyword And Return Status" library="BuiltIn">
<var>${result}</var>
<arg>Wait For Elements State</arg>
<arg>${selector}</arg>
<arg>${state}</arg>
<doc>Runs the given keyword with given arguments and returns the status as a Boolean value.</doc>
<kw name="Wait For Elements State" library="RPA.Browser.Playwright">
<arg>${selector}</arg>
<arg>${state}</arg>
<tag>PageContent</tag>
<tag>Wait</tag>
<doc>Waits for the element found by ``selector`` to satisfy state option.</doc>
<msg timestamp="20230614 11:56:41.055" level="INFO">Waited for Element with selector id=username at state editable</msg>
<status status="PASS" starttime="20230614 11:56:40.971" endtime="20230614 11:56:41.059"/>
</kw>
<msg timestamp="20230614 11:56:41.062" level="INFO">${result} = True</msg>
<status status="PASS" starttime="20230614 11:56:40.966" endtime="20230614 11:56:41.062"/>
</kw>
<return>
<value>${result}</value>
<status status="PASS" starttime="20230614 11:56:41.064" endtime="20230614 11:56:41.066"/>
</return>
<msg timestamp="20230614 11:56:41.069" level="INFO">${result} = True</msg>
<status status="PASS" starttime="20230614 11:56:40.956" endtime="20230614 11:56:41.070"/>
</kw>
<return>
<value>${result}</value>
<status status="PASS" starttime="20230614 11:56:41.072" endtime="20230614 11:56:41.075"/>
</return>
<msg timestamp="20230614 11:56:41.079" level="INFO">${is-editable} = True</msg>
<status status="PASS" starttime="20230614 11:56:40.949" endtime="20230614 11:56:41.080"/>
</kw>
<if>
<branch type="IF" condition="${is-editable} == ${False}">
<kw name="Fail" library="BuiltIn">
<arg>${ELEMENT_NOT_EDITABLE}</arg>
<doc>Fails the test with the given message and optionally alters its tags.</doc>
<status status="NOT RUN" starttime="20230614 11:56:41.094" endtime="20230614 11:56:41.095"/>
</kw>
<status status="NOT RUN" starttime="20230614 11:56:41.088" endtime="20230614 11:56:41.097"/>
</branch>
<status status="PASS" starttime="20230614 11:56:41.086" endtime="20230614 11:56:41.099"/>
</if>
<status status="PASS" starttime="20230614 11:56:40.944" endtime="20230614 11:56:41.100"/>
</kw>
<try>
<branch type="TRY">
<kw name="Wait Until Keyword Succeeds" library="BuiltIn">
<arg>${retry_count}</arg>
<arg>1s</arg>
<arg>fill-text-and-validate-post-condition</arg>
<arg>${selector}</arg>
<arg>${value}</arg>
<doc>Runs the specified keyword and retries if it fails.</doc>
<kw name="fill-text-and-validate-post-condition" library="InputTextComponent">
<arg>${selector}</arg>
<arg>${value}</arg>
<tag>component</tag>
<tag>robot:private</tag>
<doc>Updates the Field value and checks for post condition
And retries if the retry value is provided</doc>
<kw name="Scroll To Element" library="RPA.Browser.Playwright">
<arg>${selector}</arg>
<tag>PageContent</tag>
<tag>Setter</tag>
<doc>This method waits for actionability checks, then tries to scroll element into view,
unless it is completely visible.</doc>
<status status="PASS" starttime="20230614 11:56:41.120" endtime="20230614 11:56:41.206"/>
</kw>
<kw name="Fill Text" library="RPA.Browser.Playwright">
<arg>${selector}</arg>
<arg>${value}</arg>
<tag>PageContent</tag>
<tag>Setter</tag>
<doc>Clears and fills the given ``txt`` into the text field found by ``selector``.</doc>
<msg timestamp="20230614 11:56:41.211" level="INFO">Fills the text 'E5Bot1' in the given field.</msg>
<status status="PASS" starttime="20230614 11:56:41.208" endtime="20230614 11:56:41.248"/>
</kw>
<kw name="fail-if-value-not-populated" library="InputTextComponent">
<arg>${selector}</arg>
<arg>${value}</arg>
<tag>component</tag>
<tag>robot:private</tag>
<doc>Fails if the value is not populated in the given input field</doc>
<kw name="get-value" library="InputTextComponent">
<var>${populated_value}</var>
<arg>${selector}</arg>
<tag>component</tag>
<doc>Reads Field Value</doc>
<kw name="fail-if-not-attached" library="Validation">
<arg>${selector}</arg>
<tag>validation</tag>
<doc>Throws error if the element is not attanched to the DOM</doc>
<kw name="is-attached" library="ComponentStatus">
<var>${is-attached}</var>
<arg>${selector}</arg>
<tag>component</tag>
<doc>checks whether the given selector is attached to the DOM</doc>
<kw name="get-element-state" library="ComponentStatus">
<var>${result}</var>
<arg>${selector}</arg>
<arg>${ELEMENT_STATE_ATTACHED}</arg>
<tag>component</tag>
<doc>Used to get the element state</doc>
<kw name="Run Keyword And Return Status" library="BuiltIn">
<var>${result}</var>
<arg>Wait For Elements State</arg>
<arg>${selector}</arg>
<arg>${state}</arg>
<doc>Runs the given keyword with given arguments and returns the status as a Boolean value.</doc>
<kw name="Wait For Elements State" library="RPA.Browser.Playwright">
<arg>${selector}</arg>
<arg>${state}</arg>
<tag>PageContent</tag>
<tag>Wait</tag>
<doc>Waits for the element found by ``selector`` to satisfy state option.</doc>
<msg timestamp="20230614 11:56:41.373" level="INFO">Waited for Element with selector id=username at state attached</msg>
<status status="PASS" starttime="20230614 11:56:41.280" endtime="20230614 11:56:41.374"/>
</kw>
<msg timestamp="20230614 11:56:41.376" level="INFO">${result} = True</msg>
<status status="PASS" starttime="20230614 11:56:41.276" endtime="20230614 11:56:41.377"/>
</kw>
<return>
<value>${result}</value>
<status status="PASS" starttime="20230614 11:56:41.379" endtime="20230614 11:56:41.381"/>
</return>
<msg timestamp="20230614 11:56:41.384" level="INFO">${result} = True</msg>
<status status="PASS" starttime="20230614 11:56:41.272" endtime="20230614 11:56:41.385"/>
</kw>
<return>
<value>${result}</value>
<status status="PASS" starttime="20230614 11:56:41.387" endtime="20230614 11:56:41.389"/>
</return>
<msg timestamp="20230614 11:56:41.392" level="INFO">${is-attached} = True</msg>
<status status="PASS" starttime="20230614 11:56:41.267" endtime="20230614 11:56:41.393"/>
</kw>
<if>
<branch type="IF" condition="${is-attached} == ${False}">
<kw name="Fail" library="BuiltIn">
<arg>${ELEMENT_NOT_ATTACHED}</arg>
<doc>Fails the test with the given message and optionally alters its tags.</doc>
<status status="NOT RUN" starttime="20230614 11:56:41.399" endtime="20230614 11:56:41.400"/>
</kw>
<status status="NOT RUN" starttime="20230614 11:56:41.396" endtime="20230614 11:56:41.402"/>
</branch>
<status status="PASS" starttime="20230614 11:56:41.395" endtime="20230614 11:56:41.405"/>
</if>
<status status="PASS" starttime="20230614 11:56:41.263" endtime="20230614 11:56:41.406"/>
</kw>
<kw name="Get Element" library="RPA.Browser.Playwright">
<var>${fieldTextElement}</var>
<arg>${selector}</arg>
<tag>Getter</tag>
<tag>PageContent</tag>
<doc>Returns a reference to a Playwright [https://playwright.dev/docs/api/class-locator|Locator].</doc>
<msg timestamp="20230614 11:56:41.434" level="INFO">Locator found successfully.</msg>
<msg timestamp="20230614 11:56:41.435" level="INFO">${fieldTextElement} = element=9e1efb90-7831-43d3-bb86-c690dd478d10</msg>
<status status="PASS" starttime="20230614 11:56:41.409" endtime="20230614 11:56:41.436"/>
</kw>
<kw name="Get Property" library="RPA.Browser.Playwright">
<var>${fieldTextValue}</var>
<arg>${fieldTextElement}</arg>
<arg>value</arg>
<tag>Assertion</tag>
<tag>Getter</tag>
<tag>PageContent</tag>
<doc>Returns the ``property`` of the element found by ``selector``.</doc>
<msg timestamp="20230614 11:56:41.462" level="INFO">${fieldTextValue} = E5Bot1</msg>
<status status="PASS" starttime="20230614 11:56:41.439" endtime="20230614 11:56:41.463"/>
</kw>
<return>
<value>${fieldTextValue}</value>
<status status="PASS" starttime="20230614 11:56:41.464" endtime="20230614 11:56:41.465"/>
</return>
<msg timestamp="20230614 11:56:41.467" level="INFO">${populated_value} = E5Bot1</msg>
<status status="PASS" starttime="20230614 11:56:41.258" endtime="20230614 11:56:41.468"/>
</kw>
<kw name="compare-strings" library="CommonUtilities">
<var>${matches}</var>
<arg>${populated_value}</arg>
<arg>${value}</arg>
<tag>function</tag>
<doc>Method used to compare the strings</doc>
<kw name="Evaluate JavaScript" library="RPA.Browser.Playwright">
<var>${result}</var>
<arg>${None}</arg>
<arg>() =&gt; `${string1}` === `${string2}`</arg>
<tag>Getter</tag>
<tag>PageContent</tag>
<tag>Setter</tag>
<doc>Executes given javascript on the selected element(s) or on page.</doc>
<msg timestamp="20230614 11:56:41.488" level="INFO">${result} = True</msg>
<status status="PASS" starttime="20230614 11:56:41.474" endtime="20230614 11:56:41.488"/>
</kw>
<return>
<value>${result}</value>
<status status="PASS" starttime="20230614 11:56:41.490" endtime="20230614 11:56:41.491"/>
</return>
<msg timestamp="20230614 11:56:41.493" level="INFO">${matches} = True</msg>
<status status="PASS" starttime="20230614 11:56:41.470" endtime="20230614 11:56:41.493"/>
</kw>
<if>
<branch type="IF" condition="&quot;${matches}&quot; == &quot;${False}&quot;">
<kw name="Fail" library="BuiltIn">
<arg>${POSTCONDITION_FAILED}</arg>
<doc>Fails the test with the given message and optionally alters its tags.</doc>
<status status="NOT RUN" starttime="20230614 11:56:41.499" endtime="20230614 11:56:41.500"/>
</kw>
<status status="NOT RUN" starttime="20230614 11:56:41.497" endtime="20230614 11:56:41.501"/>
</branch>
<status status="PASS" starttime="20230614 11:56:41.495" endtime="20230614 11:56:41.502"/>
</if>
<status status="PASS" starttime="20230614 11:56:41.251" endtime="20230614 11:56:41.503"/>
</kw>
<status status="PASS" starttime="20230614 11:56:41.112" endtime="20230614 11:56:41.505"/>
</kw>
<status status="PASS" starttime="20230614 11:56:41.107" endtime="20230614 11:56:41.506"/>
</kw>
<status status="PASS" starttime="20230614 11:56:41.103" endtime="20230614 11:56:41.507"/>
</branch>
<branch type="EXCEPT" variable="${err_msg}">
<kw name="get-error-message-from-retry-exception-template" library="Exception">
<var>${actual_err_msg}</var>
<arg>${err_msg}</arg>
<tag>exception</tag>
<doc>Method used to get the actual error message from string(Error msg from retry)</doc>
<status status="NOT RUN" starttime="20230614 11:56:41.510" endtime="20230614 11:56:41.512"/>
</kw>
<kw name="custom-fail" library="Exception">
<arg>${actual_err_msg}</arg>
<tag>exception</tag>
<doc>wrapper over the builtin Fail keyword, to support additional operations during failure</doc>
<status status="NOT RUN" starttime="20230614 11:56:41.514" endtime="20230614 11:56:41.515"/>
</kw>
<status status="NOT RUN" starttime="20230614 11:56:41.508" endtime="20230614 11:56:41.516"/>
</branch>
<status status="PASS" starttime="20230614 11:56:41.102" endtime="20230614 11:56:41.517"/>
</try>
<status status="PASS" starttime="20230614 11:56:40.847" endtime="20230614 11:56:41.518"/>
</kw>
<status status="PASS" starttime="20230614 11:56:40.830" endtime="20230614 11:56:41.519"/>
</branch>
<branch type="EXCEPT">
<pattern>${ELEMENT_NOT_ATTACHED}</pattern>
<kw name="custom-fail" library="Exception">
<arg>${USERNAME_FIELD_NOT_ATTACHED}</arg>
<tag>exception</tag>
<doc>wrapper over the builtin Fail keyword, to support additional operations during failure</doc>
<status status="NOT RUN" starttime="20230614 11:56:41.522" endtime="20230614 11:56:41.523"/>
</kw>
<status status="NOT RUN" starttime="20230614 11:56:41.520" endtime="20230614 11:56:41.524"/>
</branch>
<branch type="EXCEPT">
<pattern>${ELEMENT_NOT_EDITABLE}</pattern>
<kw name="custom-fail" library="Exception">
<arg>${USERNAME_FIELD_NOT_EDITABLE}</arg>
<tag>exception</tag>
<doc>wrapper over the builtin Fail keyword, to support additional operations during failure</doc>
<status status="NOT RUN" starttime="20230614 11:56:41.529" endtime="20230614 11:56:41.530"/>
</kw>
<status status="NOT RUN" starttime="20230614 11:56:41.526" endtime="20230614 11:56:41.531"/>
</branch>
<branch type="EXCEPT">
<pattern>${POSTCONDITION_FAILED}</pattern>
<kw name="custom-fail" library="Exception">
<arg>${USERNAME_FIELD_VALUE_NOT_POPULATED}</arg>
<tag>exception</tag>
<doc>wrapper over the builtin Fail keyword, to support additional operations during failure</doc>
<status status="NOT RUN" starttime="20230614 11:56:41.534" endtime="20230614 11:56:41.536"/>
</kw>
<status status="NOT RUN" starttime="20230614 11:56:41.533" endtime="20230614 11:56:41.536"/>
</branch>
<status status="PASS" starttime="20230614 11:56:40.829" endtime="20230614 11:56:41.538"/>
</try>
<status status="PASS" starttime="20230614 11:56:40.442" endtime="20230614 11:56:41.539"/>
</kw>
<kw name="set-password" library="LoginPage">
<kw name="check-page-title-and-data-form-name" library="CommonUtilities">
<var>${has_precondition_passed}</var>
<arg>xpath=${login_page_xpath}</arg>
<arg>css=${login_page_css}</arg>
<tag>function</tag>
<doc>validates page title and data form name</doc>
<kw name="Set Variable" library="BuiltIn">
<var>${has_precondition_passed}</var>
<arg>${False}</arg>
<doc>Returns the given values which can then be assigned to a variables.</doc>
<msg timestamp="20230614 11:56:41.553" level="INFO">${has_precondition_passed} = False</msg>
<status status="PASS" starttime="20230614 11:56:41.550" endtime="20230614 11:56:41.553"/>
</kw>
<kw name="Get Element" library="RPA.Browser.Playwright">
<var>${login_form_name}</var>
<arg>${data_form}</arg>
<tag>Getter</tag>
<tag>PageContent</tag>
<doc>Returns a reference to a Playwright [https://playwright.dev/docs/api/class-locator|Locator].</doc>
<msg timestamp="20230614 11:56:41.602" level="INFO">Locator found successfully.</msg>
<msg timestamp="20230614 11:56:41.604" level="INFO">${login_form_name} = element=d14abb77-f213-4b2b-8bb9-77a271c924c4</msg>
<status status="PASS" starttime="20230614 11:56:41.555" endtime="20230614 11:56:41.605"/>
</kw>
<kw name="Get Attribute" library="RPA.Browser.Playwright">
<var>${form_name}</var>
<arg>${login_form_name}</arg>
<arg>id</arg>
<tag>Assertion</tag>
<tag>Getter</tag>
<tag>PageContent</tag>
<doc>Returns the HTML ``attribute`` of the element found by ``selector``.</doc>
<msg timestamp="20230614 11:56:41.654" level="INFO">${form_name} = loginform</msg>
<status status="PASS" starttime="20230614 11:56:41.608" endtime="20230614 11:56:41.655"/>
</kw>
<kw name="Get Element" library="RPA.Browser.Playwright">
<var>${title_element}</var>
<arg>${title}</arg>
<tag>Getter</tag>
<tag>PageContent</tag>
<doc>Returns a reference to a Playwright [https://playwright.dev/docs/api/class-locator|Locator].</doc>
<msg timestamp="20230614 11:56:41.677" level="INFO">Locator found successfully.</msg>
<msg timestamp="20230614 11:56:41.679" level="INFO">${title_element} = element=8671aaa6-1db4-4682-8ad4-b5745e38fdb4</msg>
<status status="PASS" starttime="20230614 11:56:41.660" endtime="20230614 11:56:41.679"/>
</kw>
<kw name="Get Property" library="RPA.Browser.Playwright">
<var>${page_title}</var>
<arg>${title_element}</arg>
<arg>innerHTML</arg>
<tag>Assertion</tag>
<tag>Getter</tag>
<tag>PageContent</tag>
<doc>Returns the ``property`` of the element found by ``selector``.</doc>
<msg timestamp="20230614 11:56:41.703" level="INFO">${page_title} = Kinnser Software</msg>
<status status="PASS" starttime="20230614 11:56:41.681" endtime="20230614 11:56:41.704"/>
</kw>
<if>
<branch type="IF" condition="&quot;${form_name}&quot; == &quot;loginform&quot; and &quot;${page_title}&quot; == &quot;Kinnser Software&quot;">
<kw name="Set Variable" library="BuiltIn">
<var>${has_precondition_passed}</var>
<arg>${True}</arg>
<doc>Returns the given values which can then be assigned to a variables.</doc>
<msg timestamp="20230614 11:56:41.712" level="INFO">${has_precondition_passed} = True</msg>
<status status="PASS" starttime="20230614 11:56:41.709" endtime="20230614 11:56:41.712"/>
</kw>
<status status="PASS" starttime="20230614 11:56:41.707" endtime="20230614 11:56:41.713"/>
</branch>
<status status="PASS" starttime="20230614 11:56:41.706" endtime="20230614 11:56:41.714"/>
</if>
<return>
<value>${has_precondition_passed}</value>
<status status="PASS" starttime="20230614 11:56:41.715" endtime="20230614 11:56:41.716"/>
</return>
<msg timestamp="20230614 11:56:41.718" level="INFO">${has_precondition_passed} = True</msg>
<status status="PASS" starttime="20230614 11:56:41.545" endtime="20230614 11:56:41.719"/>
</kw>
<if>
<branch type="IF" condition="${has_precondition_passed} == ${False}">
<kw name="custom-fail" library="Exception">
<arg>${LOGIN_PAGE_NOT_LOADED_ERROR}</arg>
<tag>exception</tag>
<doc>wrapper over the builtin Fail keyword, to support additional operations during failure</doc>
<status status="NOT RUN" starttime="20230614 11:56:41.723" endtime="20230614 11:56:41.725"/>
</kw>
<status status="NOT RUN" starttime="20230614 11:56:41.722" endtime="20230614 11:56:41.726"/>
</branch>
<status status="PASS" starttime="20230614 11:56:41.721" endtime="20230614 11:56:41.727"/>
</if>
<try>
<branch type="TRY">
<kw name="get-loginform-selector" library="LoginPage">
<var>${password-selector}</var>
<arg>password</arg>
<return>
<value>${selectors}[e5][wellsky][loginpage][loginform][${field-selector}]</value>
<status status="PASS" starttime="20230614 11:56:41.733" endtime="20230614 11:56:41.734"/>
</return>
<msg timestamp="20230614 11:56:41.737" level="INFO">${password-selector} = id=password</msg>
<status status="PASS" starttime="20230614 11:56:41.729" endtime="20230614 11:56:41.738"/>
</kw>
<kw name="set-password-secret" library="InputTextComponent">
<arg>${password-selector}</arg>
<arg>${global-retry-count}</arg>
<tag>component</tag>
<doc>Updates Password Field</doc>
<kw name="fail-if-not-attached" library="Validation">
<arg>${selector}</arg>
<tag>validation</tag>
<doc>Throws error if the element is not attanched to the DOM</doc>
<kw name="is-attached" library="ComponentStatus">
<var>${is-attached}</var>
<arg>${selector}</arg>
<tag>component</tag>
<doc>checks whether the given selector is attached to the DOM</doc>
<kw name="get-element-state" library="ComponentStatus">
<var>${result}</var>
<arg>${selector}</arg>
<arg>${ELEMENT_STATE_ATTACHED}</arg>
<tag>component</tag>
<doc>Used to get the element state</doc>
<kw name="Run Keyword And Return Status" library="BuiltIn">
<var>${result}</var>
<arg>Wait For Elements State</arg>
<arg>${selector}</arg>
<arg>${state}</arg>
<doc>Runs the given keyword with given arguments and returns the status as a Boolean value.</doc>
<kw name="Wait For Elements State" library="RPA.Browser.Playwright">
<arg>${selector}</arg>
<arg>${state}</arg>
<tag>PageContent</tag>
<tag>Wait</tag>
<doc>Waits for the element found by ``selector`` to satisfy state option.</doc>
<msg timestamp="20230614 11:56:41.792" level="INFO">Waited for Element with selector id=password at state attached</msg>
<status status="PASS" starttime="20230614 11:56:41.758" endtime="20230614 11:56:41.794"/>
</kw>
<msg timestamp="20230614 11:56:41.797" level="INFO">${result} = True</msg>
<status status="PASS" starttime="20230614 11:56:41.755" endtime="20230614 11:56:41.798"/>
</kw>
<return>
<value>${result}</value>
<status status="PASS" starttime="20230614 11:56:41.800" endtime="20230614 11:56:41.801"/>
</return>
<msg timestamp="20230614 11:56:41.805" level="INFO">${result} = True</msg>
<status status="PASS" starttime="20230614 11:56:41.751" endtime="20230614 11:56:41.806"/>
</kw>
<return>
<value>${result}</value>
<status status="PASS" starttime="20230614 11:56:41.808" endtime="20230614 11:56:41.809"/>
</return>
<msg timestamp="20230614 11:56:41.812" level="INFO">${is-attached} = True</msg>
<status status="PASS" starttime="20230614 11:56:41.748" endtime="20230614 11:56:41.813"/>
</kw>
<if>
<branch type="IF" condition="${is-attached} == ${False}">
<kw name="Fail" library="BuiltIn">
<arg>${ELEMENT_NOT_ATTACHED}</arg>
<doc>Fails the test with the given message and optionally alters its tags.</doc>
<status status="NOT RUN" starttime="20230614 11:56:41.820" endtime="20230614 11:56:41.821"/>
</kw>
<status status="NOT RUN" starttime="20230614 11:56:41.816" endtime="20230614 11:56:41.823"/>
</branch>
<status status="PASS" starttime="20230614 11:56:41.814" endtime="20230614 11:56:41.824"/>
</if>
<status status="PASS" starttime="20230614 11:56:41.744" endtime="20230614 11:56:41.826"/>
</kw>
<kw name="fail-if-not-editable" library="Validation">
<arg>${selector}</arg>
<tag>validation</tag>
<doc>Throws error if the element is not editable</doc>
<kw name="is-editable" library="ComponentStatus">
<var>${is-editable}</var>
<arg>${selector}</arg>
<tag>component</tag>
<doc>checks whether the given selector is editable</doc>
<kw name="get-element-state" library="ComponentStatus">
<var>${result}</var>
<arg>${selector}</arg>
<arg>${ELEMENT_STATE_EDITABLE}</arg>
<tag>component</tag>
<doc>Used to get the element state</doc>
<kw name="Run Keyword And Return Status" library="BuiltIn">
<var>${result}</var>
<arg>Wait For Elements State</arg>
<arg>${selector}</arg>
<arg>${state}</arg>
<doc>Runs the given keyword with given arguments and returns the status as a Boolean value.</doc>
<kw name="Wait For Elements State" library="RPA.Browser.Playwright">
<arg>${selector}</arg>
<arg>${state}</arg>
<tag>PageContent</tag>
<tag>Wait</tag>
<doc>Waits for the element found by ``selector`` to satisfy state option.</doc>
<msg timestamp="20230614 11:56:41.912" level="INFO">Waited for Element with selector id=password at state editable</msg>
<status status="PASS" starttime="20230614 11:56:41.846" endtime="20230614 11:56:41.914"/>
</kw>
<msg timestamp="20230614 11:56:41.916" level="INFO">${result} = True</msg>
<status status="PASS" starttime="20230614 11:56:41.842" endtime="20230614 11:56:41.917"/>
</kw>
<return>
<value>${result}</value>
<status status="PASS" starttime="20230614 11:56:41.919" endtime="20230614 11:56:41.921"/>
</return>
<msg timestamp="20230614 11:56:41.924" level="INFO">${result} = True</msg>
<status status="PASS" starttime="20230614 11:56:41.837" endtime="20230614 11:56:41.925"/>
</kw>
<return>
<value>${result}</value>
<status status="PASS" starttime="20230614 11:56:41.926" endtime="20230614 11:56:41.929"/>
</return>
<msg timestamp="20230614 11:56:41.932" level="INFO">${is-editable} = True</msg>
<status status="PASS" starttime="20230614 11:56:41.833" endtime="20230614 11:56:41.932"/>
</kw>
<if>
<branch type="IF" condition="${is-editable} == ${False}">
<kw name="Fail" library="BuiltIn">
<arg>${ELEMENT_NOT_EDITABLE}</arg>
<doc>Fails the test with the given message and optionally alters its tags.</doc>
<status status="NOT RUN" starttime="20230614 11:56:41.943" endtime="20230614 11:56:41.945"/>
</kw>
<status status="NOT RUN" starttime="20230614 11:56:41.940" endtime="20230614 11:56:41.948"/>
</branch>
<status status="PASS" starttime="20230614 11:56:41.937" endtime="20230614 11:56:41.950"/>
</if>
<status status="PASS" starttime="20230614 11:56:41.828" endtime="20230614 11:56:41.952"/>
</kw>
<try>
<branch type="TRY">
<kw name="Wait Until Keyword Succeeds" library="BuiltIn">
<arg>${retry_count}</arg>
<arg>1s</arg>
<arg>fill-password-and-validate-post-condition</arg>
<arg>${selector}</arg>
<doc>Runs the specified keyword and retries if it fails.</doc>
<kw name="fill-password-and-validate-post-condition" library="InputTextComponent">
<arg>${selector}</arg>
<tag>robot:private</tag>
<tag>secret</tag>
<doc>Updates the Field value and checks for post condition
And retries if the retry value is provided</doc>
<kw name="Fill Secret" library="RPA.Browser.Playwright">
<arg>${selector}</arg>
<arg>http://a3F@ns7/#Z</arg>
<tag>PageContent</tag>
<tag>Setter</tag>
<doc>Fills the given secret from ``variable_name`` into the
text field found by ``selector``.</doc>
<msg timestamp="20230614 11:56:41.982" level="WARN">Direct assignment of values as 'secret' is deprecated. Use special variable syntax to resolve variable. Example $var instead of ${var}.</msg>
<status status="PASS" starttime="20230614 11:56:41.968" endtime="20230614 11:56:42.137"/>
</kw>
<status status="PASS" starttime="20230614 11:56:41.962" endtime="20230614 11:56:42.139"/>
</kw>
<status status="PASS" starttime="20230614 11:56:41.957" endtime="20230614 11:56:42.141"/>
</kw>
<status status="PASS" starttime="20230614 11:56:41.954" endtime="20230614 11:56:42.143"/>
</branch>
<branch type="EXCEPT" variable="${err_msg}">
<kw name="get-error-message-from-retry-exception-template" library="Exception">
<var>${actual_err_msg}</var>
<arg>${err_msg}</arg>
<tag>exception</tag>
<doc>Method used to get the actual error message from string(Error msg from retry)</doc>
<status status="NOT RUN" starttime="20230614 11:56:42.148" endtime="20230614 11:56:42.150"/>
</kw>
<kw name="custom-fail" library="Exception">
<arg>${actual_err_msg}</arg>
<tag>exception</tag>
<doc>wrapper over the builtin Fail keyword, to support additional operations during failure</doc>
<status status="NOT RUN" starttime="20230614 11:56:42.153" endtime="20230614 11:56:42.157"/>
</kw>
<status status="NOT RUN" starttime="20230614 11:56:42.145" endtime="20230614 11:56:42.159"/>
</branch>
<status status="PASS" starttime="20230614 11:56:41.954" endtime="20230614 11:56:42.161"/>
</try>
<status status="PASS" starttime="20230614 11:56:41.740" endtime="20230614 11:56:42.163"/>
</kw>
<status status="PASS" starttime="20230614 11:56:41.728" endtime="20230614 11:56:42.165"/>
</branch>
<branch type="EXCEPT">
<pattern>${ELEMENT_NOT_ATTACHED}</pattern>
<kw name="custom-fail" library="Exception">
<arg>${PASSWORD_FIELD_NOT_ATTACHED}</arg>
<tag>exception</tag>
<doc>wrapper over the builtin Fail keyword, to support additional operations during failure</doc>
<status status="NOT RUN" starttime="20230614 11:56:42.172" endtime="20230614 11:56:42.174"/>
</kw>
<status status="NOT RUN" starttime="20230614 11:56:42.168" endtime="20230614 11:56:42.176"/>
</branch>
<branch type="EXCEPT">
<pattern>${ELEMENT_NOT_EDITABLE}</pattern>
<kw name="custom-fail" library="Exception">
<arg>${PASSWORD_FIELD_NOT_EDITABLE}</arg>
<tag>exception</tag>
<doc>wrapper over the builtin Fail keyword, to support additional operations during failure</doc>
<status status="NOT RUN" starttime="20230614 11:56:42.181" endtime="20230614 11:56:42.182"/>
</kw>
<status status="NOT RUN" starttime="20230614 11:56:42.178" endtime="20230614 11:56:42.184"/>
</branch>
<branch type="EXCEPT">
<pattern>${POSTCONDITION_FAILED}</pattern>
<kw name="custom-fail" library="Exception">
<arg>${PASSWORD_FIELD_VALUE_NOT_POPULATED}</arg>
<tag>exception</tag>
<doc>wrapper over the builtin Fail keyword, to support additional operations during failure</doc>
<status status="NOT RUN" starttime="20230614 11:56:42.188" endtime="20230614 11:56:42.190"/>
</kw>
<status status="NOT RUN" starttime="20230614 11:56:42.186" endtime="20230614 11:56:42.193"/>
</branch>
<status status="PASS" starttime="20230614 11:56:41.727" endtime="20230614 11:56:42.195"/>
</try>
<status status="PASS" starttime="20230614 11:56:41.542" endtime="20230614 11:56:42.197"/>
</kw>
<kw name="perform-login" library="LoginPage">
<kw name="Sleep" library="BuiltIn">
<arg>1s</arg>
<doc>Pauses the test executed for the given time.</doc>
<msg timestamp="20230614 11:56:43.240" level="INFO">Slept 1 second</msg>
<status status="PASS" starttime="20230614 11:56:42.237" endtime="20230614 11:56:43.241"/>
</kw>
<kw name="check-page-title-and-data-form-name" library="CommonUtilities">
<var>${has_precondition_passed}</var>
<arg>xpath=${login_page_xpath}</arg>
<arg>css=${login_page_css}</arg>
<tag>function</tag>
<doc>validates page title and data form name</doc>
<kw name="Set Variable" library="BuiltIn">
<var>${has_precondition_passed}</var>
<arg>${False}</arg>
<doc>Returns the given values which can then be assigned to a variables.</doc>
<msg timestamp="20230614 11:56:43.252" level="INFO">${has_precondition_passed} = False</msg>
<status status="PASS" starttime="20230614 11:56:43.248" endtime="20230614 11:56:43.252"/>
</kw>
<kw name="Get Element" library="RPA.Browser.Playwright">
<var>${login_form_name}</var>
<arg>${data_form}</arg>
<tag>Getter</tag>
<tag>PageContent</tag>
<doc>Returns a reference to a Playwright [https://playwright.dev/docs/api/class-locator|Locator].</doc>
<msg timestamp="20230614 11:56:43.273" level="INFO">Locator found successfully.</msg>
<msg timestamp="20230614 11:56:43.275" level="INFO">${login_form_name} = element=331d0764-91fd-4cb2-9625-044aed9ce3ad</msg>
<status status="PASS" starttime="20230614 11:56:43.255" endtime="20230614 11:56:43.275"/>
</kw>
<kw name="Get Attribute" library="RPA.Browser.Playwright">
<var>${form_name}</var>
<arg>${login_form_name}</arg>
<arg>id</arg>
<tag>Assertion</tag>
<tag>Getter</tag>
<tag>PageContent</tag>
<doc>Returns the HTML ``attribute`` of the element found by ``selector``.</doc>
<msg timestamp="20230614 11:56:43.303" level="INFO">${form_name} = loginform</msg>
<status status="PASS" starttime="20230614 11:56:43.277" endtime="20230614 11:56:43.304"/>
</kw>
<kw name="Get Element" library="RPA.Browser.Playwright">
<var>${title_element}</var>
<arg>${title}</arg>
<tag>Getter</tag>
<tag>PageContent</tag>
<doc>Returns a reference to a Playwright [https://playwright.dev/docs/api/class-locator|Locator].</doc>
<msg timestamp="20230614 11:56:43.327" level="INFO">Locator found successfully.</msg>
<msg timestamp="20230614 11:56:43.329" level="INFO">${title_element} = element=f67eea77-b922-4251-82cc-79935ee52b19</msg>
<status status="PASS" starttime="20230614 11:56:43.306" endtime="20230614 11:56:43.330"/>
</kw>
<kw name="Get Property" library="RPA.Browser.Playwright">
<var>${page_title}</var>
<arg>${title_element}</arg>
<arg>innerHTML</arg>
<tag>Assertion</tag>
<tag>Getter</tag>
<tag>PageContent</tag>
<doc>Returns the ``property`` of the element found by ``selector``.</doc>
<msg timestamp="20230614 11:56:43.361" level="INFO">${page_title} = Kinnser Software</msg>
<status status="PASS" starttime="20230614 11:56:43.333" endtime="20230614 11:56:43.362"/>
</kw>
<if>
<branch type="IF" condition="&quot;${form_name}&quot; == &quot;loginform&quot; and &quot;${page_title}&quot; == &quot;Kinnser Software&quot;">
<kw name="Set Variable" library="BuiltIn">
<var>${has_precondition_passed}</var>
<arg>${True}</arg>
<doc>Returns the given values which can then be assigned to a variables.</doc>
<msg timestamp="20230614 11:56:43.372" level="INFO">${has_precondition_passed} = True</msg>
<status status="PASS" starttime="20230614 11:56:43.369" endtime="20230614 11:56:43.373"/>
</kw>
<status status="PASS" starttime="20230614 11:56:43.366" endtime="20230614 11:56:43.375"/>
</branch>
<status status="PASS" starttime="20230614 11:56:43.364" endtime="20230614 11:56:43.376"/>
</if>
<return>
<value>${has_precondition_passed}</value>
<status status="PASS" starttime="20230614 11:56:43.377" endtime="20230614 11:56:43.379"/>
</return>
<msg timestamp="20230614 11:56:43.386" level="INFO">${has_precondition_passed} = True</msg>
<status status="PASS" starttime="20230614 11:56:43.243" endtime="20230614 11:56:43.387"/>
</kw>
<if>
<branch type="IF" condition="${has_precondition_passed} == ${False}">
<kw name="custom-fail" library="Exception">
<arg>${LOGIN_PAGE_NOT_LOADED_ERROR}</arg>
<tag>exception</tag>
<doc>wrapper over the builtin Fail keyword, to support additional operations during failure</doc>
<status status="NOT RUN" starttime="20230614 11:56:43.393" endtime="20230614 11:56:43.395"/>
</kw>
<status status="NOT RUN" starttime="20230614 11:56:43.391" endtime="20230614 11:56:43.397"/>
</branch>
<status status="PASS" starttime="20230614 11:56:43.389" endtime="20230614 11:56:43.398"/>
</if>
<try>
<branch type="TRY">
<kw name="get-loginform-selector" library="LoginPage">
<var>${login-button-selector}</var>
<arg>login-btn</arg>
<return>
<value>${selectors}[e5][wellsky][loginpage][loginform][${field-selector}]</value>
<status status="PASS" starttime="20230614 11:56:43.405" endtime="20230614 11:56:43.407"/>
</return>
<msg timestamp="20230614 11:56:43.409" level="INFO">${login-button-selector} = //button[@id='login_btn']</msg>
<status status="PASS" starttime="20230614 11:56:43.402" endtime="20230614 11:56:43.410"/>
</kw>
<kw name="Handle Future Dialogs" library="RPA.Browser.Playwright">
<arg>action=accept</arg>
<tag>PageContent</tag>
<doc>Handle next dialog on page with ``action``.</doc>
<status status="PASS" starttime="20230614 11:56:43.413" endtime="20230614 11:56:43.420"/>
</kw>
<kw name="left-click" library="ButtonComponent">
<arg>${login-button-selector}</arg>
<tag>component</tag>
<doc>Performs left click operation on button</doc>
<kw name="fail-if-not-attached" library="Validation">
<arg>${selector}</arg>
<tag>validation</tag>
<doc>Throws error if the element is not attanched to the DOM</doc>
<kw name="is-attached" library="ComponentStatus">
<var>${is-attached}</var>
<arg>${selector}</arg>
<tag>component</tag>
<doc>checks whether the given selector is attached to the DOM</doc>
<kw name="get-element-state" library="ComponentStatus">
<var>${result}</var>
<arg>${selector}</arg>
<arg>${ELEMENT_STATE_ATTACHED}</arg>
<tag>component</tag>
<doc>Used to get the element state</doc>
<kw name="Run Keyword And Return Status" library="BuiltIn">
<var>${result}</var>
<arg>Wait For Elements State</arg>
<arg>${selector}</arg>
<arg>${state}</arg>
<doc>Runs the given keyword with given arguments and returns the status as a Boolean value.</doc>
<kw name="Wait For Elements State" library="RPA.Browser.Playwright">
<arg>${selector}</arg>
<arg>${state}</arg>
<tag>PageContent</tag>
<tag>Wait</tag>
<doc>Waits for the element found by ``selector`` to satisfy state option.</doc>
<msg timestamp="20230614 11:56:43.464" level="INFO">Waited for Element with selector //button[@id='login_btn'] at state attached</msg>
<status status="PASS" starttime="20230614 11:56:43.445" endtime="20230614 11:56:43.466"/>
</kw>
<msg timestamp="20230614 11:56:43.467" level="INFO">${result} = True</msg>
<status status="PASS" starttime="20230614 11:56:43.442" endtime="20230614 11:56:43.467"/>
</kw>
<return>
<value>${result}</value>
<status status="PASS" starttime="20230614 11:56:43.468" endtime="20230614 11:56:43.469"/>
</return>
<msg timestamp="20230614 11:56:43.472" level="INFO">${result} = True</msg>
<status status="PASS" starttime="20230614 11:56:43.438" endtime="20230614 11:56:43.473"/>
</kw>
<return>
<value>${result}</value>
<status status="PASS" starttime="20230614 11:56:43.475" endtime="20230614 11:56:43.478"/>
</return>
<msg timestamp="20230614 11:56:43.486" level="INFO">${is-attached} = True</msg>
<status status="PASS" starttime="20230614 11:56:43.435" endtime="20230614 11:56:43.487"/>
</kw>
<if>
<branch type="IF" condition="${is-attached} == ${False}">
<kw name="Fail" library="BuiltIn">
<arg>${ELEMENT_NOT_ATTACHED}</arg>
<doc>Fails the test with the given message and optionally alters its tags.</doc>
<status status="NOT RUN" starttime="20230614 11:56:43.494" endtime="20230614 11:56:43.496"/>
</kw>
<status status="NOT RUN" starttime="20230614 11:56:43.490" endtime="20230614 11:56:43.498"/>
</branch>
<status status="PASS" starttime="20230614 11:56:43.488" endtime="20230614 11:56:43.500"/>
</if>
<status status="PASS" starttime="20230614 11:56:43.430" endtime="20230614 11:56:43.503"/>
</kw>
<kw name="fail-if-not-enabled" library="Validation">
<arg>${selector}</arg>
<tag>validation</tag>
<doc>Throws error if the element is not enabled</doc>
<kw name="is-enabled" library="ComponentStatus">
<var>${is-enabled}</var>
<arg>${selector}</arg>
<tag>component</tag>
<doc>checks whether the given selector is enabled</doc>
<kw name="get-element-state" library="ComponentStatus">
<var>${result}</var>
<arg>${selector}</arg>
<arg>${ELEMENT_STATE_ENABLED}</arg>
<tag>component</tag>
<doc>Used to get the element state</doc>
<kw name="Run Keyword And Return Status" library="BuiltIn">
<var>${result}</var>
<arg>Wait For Elements State</arg>
<arg>${selector}</arg>
<arg>${state}</arg>
<doc>Runs the given keyword with given arguments and returns the status as a Boolean value.</doc>
<kw name="Wait For Elements State" library="RPA.Browser.Playwright">
<arg>${selector}</arg>
<arg>${state}</arg>
<tag>PageContent</tag>
<tag>Wait</tag>
<doc>Waits for the element found by ``selector`` to satisfy state option.</doc>
<msg timestamp="20230614 11:56:43.635" level="INFO">Waited for Element with selector //button[@id='login_btn'] at state enabled</msg>
<status status="PASS" starttime="20230614 11:56:43.529" endtime="20230614 11:56:43.637"/>
</kw>
<msg timestamp="20230614 11:56:43.640" level="INFO">${result} = True</msg>
<status status="PASS" starttime="20230614 11:56:43.525" endtime="20230614 11:56:43.641"/>
</kw>
<return>
<value>${result}</value>
<status status="PASS" starttime="20230614 11:56:43.643" endtime="20230614 11:56:43.644"/>
</return>
<msg timestamp="20230614 11:56:43.648" level="INFO">${result} = True</msg>
<status status="PASS" starttime="20230614 11:56:43.518" endtime="20230614 11:56:43.648"/>
</kw>
<return>
<value>${result}</value>
<status status="PASS" starttime="20230614 11:56:43.650" endtime="20230614 11:56:43.652"/>
</return>
<msg timestamp="20230614 11:56:43.657" level="INFO">${is-enabled} = True</msg>
<status status="PASS" starttime="20230614 11:56:43.510" endtime="20230614 11:56:43.658"/>
</kw>
<if>
<branch type="IF" condition="${is-enabled} == ${False}">
<kw name="Fail" library="BuiltIn">
<arg>${ELEMENT_NOT_ENABLED}</arg>
<doc>Fails the test with the given message and optionally alters its tags.</doc>
<status status="NOT RUN" starttime="20230614 11:56:43.662" endtime="20230614 11:56:43.663"/>
</kw>
<status status="NOT RUN" starttime="20230614 11:56:43.660" endtime="20230614 11:56:43.664"/>
</branch>
<status status="PASS" starttime="20230614 11:56:43.659" endtime="20230614 11:56:43.666"/>
</if>
<status status="PASS" starttime="20230614 11:56:43.505" endtime="20230614 11:56:43.667"/>
</kw>
<kw name="Scroll To Element" library="RPA.Browser.Playwright">
<arg>${selector}</arg>
<tag>PageContent</tag>
<tag>Setter</tag>
<doc>This method waits for actionability checks, then tries to scroll element into view,
unless it is completely visible.</doc>
<status status="PASS" starttime="20230614 11:56:43.670" endtime="20230614 11:56:43.705"/>
</kw>
<kw name="Click" library="RPA.Browser.Playwright">
<arg>${selector}</arg>
<arg>left</arg>
<arg>1</arg>
<tag>PageContent</tag>
<tag>Setter</tag>
<doc>Simulates mouse click on the element found by ``selector``.</doc>
<status status="PASS" starttime="20230614 11:56:43.707" endtime="20230614 11:56:43.854"/>
</kw>
<status status="PASS" starttime="20230614 11:56:43.423" endtime="20230614 11:56:43.857"/>
</kw>
<status status="PASS" starttime="20230614 11:56:43.400" endtime="20230614 11:56:43.858"/>
</branch>
<branch type="EXCEPT">
<pattern>${ELEMENT_NOT_ATTACHED}</pattern>
<kw name="custom-fail" library="Exception">
<arg>${LOGIN_BUTTON_NOT_ATTACHED}</arg>
<tag>exception</tag>
<doc>wrapper over the builtin Fail keyword, to support additional operations during failure</doc>
<status status="NOT RUN" starttime="20230614 11:56:43.863" endtime="20230614 11:56:43.865"/>
</kw>
<status status="NOT RUN" starttime="20230614 11:56:43.860" endtime="20230614 11:56:43.866"/>
</branch>
<branch type="EXCEPT">
<pattern>${ELEMENT_NOT_ENABLED}</pattern>
<kw name="custom-fail" library="Exception">
<arg>${LOGIN_BUTTON_NOT_ENABLED}</arg>
<tag>exception</tag>
<doc>wrapper over the builtin Fail keyword, to support additional operations during failure</doc>
<status status="NOT RUN" starttime="20230614 11:56:43.872" endtime="20230614 11:56:43.874"/>
</kw>
<status status="NOT RUN" starttime="20230614 11:56:43.868" endtime="20230614 11:56:43.876"/>
</branch>
<status status="PASS" starttime="20230614 11:56:43.400" endtime="20230614 11:56:43.878"/>
</try>
<kw name="get-loginform-selector" library="LoginPage">
<var>${error-message-selector}</var>
<arg>error-message</arg>
<return>
<value>${selectors}[e5][wellsky][loginpage][loginform][${field-selector}]</value>
<status status="PASS" starttime="20230614 11:56:43.883" endtime="20230614 11:56:43.884"/>
</return>
<msg timestamp="20230614 11:56:43.889" level="INFO">${error-message-selector} = //div[@id="warning-alerts"]/div/div[@role="status"]</msg>
<status status="PASS" starttime="20230614 11:56:43.880" endtime="20230614 11:56:43.890"/>
</kw>
<kw name="Set Variable" library="BuiltIn">
<var>${error-message-selector}</var>
<doc>Returns the given values which can then be assigned to a variables.</doc>
<msg timestamp="20230614 11:56:43.895" level="INFO">${error-message-selector} = </msg>
<status status="PASS" starttime="20230614 11:56:43.892" endtime="20230614 11:56:43.896"/>
</kw>
<kw name="Sleep" library="BuiltIn">
<arg>2s</arg>
<doc>Pauses the test executed for the given time.</doc>
<msg timestamp="20230614 11:56:45.903" level="INFO">Slept 2 seconds</msg>
<status status="PASS" starttime="20230614 11:56:43.899" endtime="20230614 11:56:45.904"/>
</kw>
<kw name="is-attached" library="ComponentStatus">
<var>${is-attached}</var>
<arg>${error-message-selector}</arg>
<tag>component</tag>
<doc>checks whether the given selector is attached to the DOM</doc>
<kw name="get-element-state" library="ComponentStatus">
<var>${result}</var>
<arg>${selector}</arg>
<arg>${ELEMENT_STATE_ATTACHED}</arg>
<tag>component</tag>
<doc>Used to get the element state</doc>
<kw name="Run Keyword And Return Status" library="BuiltIn">
<var>${result}</var>
<arg>Wait For Elements State</arg>
<arg>${selector}</arg>
<arg>${state}</arg>
<doc>Runs the given keyword with given arguments and returns the status as a Boolean value.</doc>
<kw name="Wait For Elements State" library="RPA.Browser.Playwright">
<arg>${selector}</arg>
<arg>${state}</arg>
<tag>PageContent</tag>
<tag>Wait</tag>
<doc>Waits for the element found by ``selector`` to satisfy state option.</doc>
<msg timestamp="20230614 11:56:56.055" level="INFO" html="true">&lt;/td&gt;&lt;/tr&gt;&lt;tr&gt;&lt;td colspan="3"&gt;&lt;a href="browser/screenshot/fail-screenshot-1.png"&gt;&lt;img src="browser/screenshot/fail-screenshot-1.png" width="800px"&gt;&lt;/a&gt;</msg>
<msg timestamp="20230614 11:56:56.061" level="FAIL">Error: locator.waitFor: Unexpected token "" while parsing selector ""</msg>
<status status="FAIL" starttime="20230614 11:56:45.919" endtime="20230614 11:56:56.071"/>
</kw>
<msg timestamp="20230614 11:56:56.073" level="INFO">${result} = False</msg>
<status status="PASS" starttime="20230614 11:56:45.915" endtime="20230614 11:56:56.073"/>
</kw>
<return>
<value>${result}</value>
<status status="PASS" starttime="20230614 11:56:56.075" endtime="20230614 11:56:56.076"/>
</return>
<msg timestamp="20230614 11:56:56.079" level="INFO">${result} = False</msg>
<status status="PASS" starttime="20230614 11:56:45.911" endtime="20230614 11:56:56.079"/>
</kw>
<return>
<value>${result}</value>
<status status="PASS" starttime="20230614 11:56:56.080" endtime="20230614 11:56:56.081"/>
</return>
<msg timestamp="20230614 11:56:56.084" level="INFO">${is-attached} = False</msg>
<status status="PASS" starttime="20230614 11:56:45.906" endtime="20230614 11:56:56.085"/>
</kw>
<if>
<branch type="IF" condition="${is-attached} == ${True}">
<kw name="Get Element" library="RPA.Browser.Playwright">
<var>${error-message-selector-element}</var>
<arg>${error-message-selector}</arg>
<tag>Getter</tag>
<tag>PageContent</tag>
<doc>Returns a reference to a Playwright [https://playwright.dev/docs/api/class-locator|Locator].</doc>
<status status="NOT RUN" starttime="20230614 11:56:56.090" endtime="20230614 11:56:56.092"/>
</kw>
<kw name="Get Property" library="RPA.Browser.Playwright">
<var>${login-error-message}</var>
<arg>${error-message-selector-element}</arg>
<arg>innerHTML</arg>
<tag>Assertion</tag>
<tag>Getter</tag>
<tag>PageContent</tag>
<doc>Returns the ``property`` of the element found by ``selector``.</doc>
<status status="NOT RUN" starttime="20230614 11:56:56.093" endtime="20230614 11:56:56.095"/>
</kw>
<kw name="check-string-contains" library="CommonUtilities">
<var>${is_invalid_credential}</var>
<arg>${login-error-message}</arg>
<arg>You have entered an invalid username or password</arg>
<tag>function</tag>
<doc>Method used to check if string1 contains string2</doc>
<status status="NOT RUN" starttime="20230614 11:56:56.096" endtime="20230614 11:56:56.098"/>
</kw>
<if>
<branch type="IF" condition="${is_invalid_credential}">
<kw name="custom-fail" library="Exception">
<arg>${INVALID_CREDENTIALS_ERROR}</arg>
<tag>exception</tag>
<doc>wrapper over the builtin Fail keyword, to support additional operations during failure</doc>
<status status="NOT RUN" starttime="20230614 11:56:56.102" endtime="20230614 11:56:56.103"/>
</kw>
<status status="NOT RUN" starttime="20230614 11:56:56.100" endtime="20230614 11:56:56.105"/>
</branch>
<status status="NOT RUN" starttime="20230614 11:56:56.099" endtime="20230614 11:56:56.106"/>
</if>
<status status="NOT RUN" starttime="20230614 11:56:56.087" endtime="20230614 11:56:56.107"/>
</branch>
<status status="PASS" starttime="20230614 11:56:56.086" endtime="20230614 11:56:56.108"/>
</if>
<kw name="is-visible" library="ComponentStatus">
<var>${login_postcondition_flag}</var>
<arg>xpath=//tbody//div[@class="menuBar"]</arg>
<tag>component</tag>
<doc>checks whether the given selector is visible</doc>
<kw name="get-element-state" library="ComponentStatus">
<var>${result}</var>
<arg>${selector}</arg>
<arg>${ELEMENT_STATE_VISIBLE}</arg>
<tag>component</tag>
<doc>Used to get the element state</doc>
<kw name="Run Keyword And Return Status" library="BuiltIn">
<var>${result}</var>
<arg>Wait For Elements State</arg>
<arg>${selector}</arg>
<arg>${state}</arg>
<doc>Runs the given keyword with given arguments and returns the status as a Boolean value.</doc>
<kw name="Wait For Elements State" library="RPA.Browser.Playwright">
<arg>${selector}</arg>
<arg>${state}</arg>
<tag>PageContent</tag>
<tag>Wait</tag>
<doc>Waits for the element found by ``selector`` to satisfy state option.</doc>
<msg timestamp="20230614 11:56:56.153" level="INFO">Waited for Element with selector xpath=//tbody//div[@class="menuBar"] at state visible</msg>
<status status="PASS" starttime="20230614 11:56:56.119" endtime="20230614 11:56:56.154"/>
</kw>
<msg timestamp="20230614 11:56:56.155" level="INFO">${result} = True</msg>
<status status="PASS" starttime="20230614 11:56:56.117" endtime="20230614 11:56:56.156"/>
</kw>
<return>
<value>${result}</value>
<status status="PASS" starttime="20230614 11:56:56.157" endtime="20230614 11:56:56.158"/>
</return>
<msg timestamp="20230614 11:56:56.160" level="INFO">${result} = True</msg>
<status status="PASS" starttime="20230614 11:56:56.113" endtime="20230614 11:56:56.160"/>
</kw>
<return>
<value>${result}</value>
<status status="PASS" starttime="20230614 11:56:56.161" endtime="20230614 11:56:56.163"/>
</return>
<msg timestamp="20230614 11:56:56.165" level="INFO">${login_postcondition_flag} = True</msg>
<status status="PASS" starttime="20230614 11:56:56.110" endtime="20230614 11:56:56.166"/>
</kw>
<if>
<branch type="IF" condition="${login_postcondition_flag} == ${False}">
<kw name="check-page-title-and-data-form-name" library="CommonUtilities">
<var>${has_precondition_passed}</var>
<arg>xpath=${login_page_xpath}</arg>
<arg>css=${login_page_css}</arg>
<tag>function</tag>
<doc>validates page title and data form name</doc>
<status status="NOT RUN" starttime="20230614 11:56:56.171" endtime="20230614 11:56:56.172"/>
</kw>
<if>
<branch type="IF" condition="${has_precondition_passed} == ${False}">
<kw name="Log To Console" library="BuiltIn">
<arg>&lt;== Found blank page after clicking the login button, Reloading the page ==&gt;</arg>
<doc>Logs the given message to the console.</doc>
<status status="NOT RUN" starttime="20230614 11:56:56.175" endtime="20230614 11:56:56.177"/>
</kw>
<kw name="Reload" library="RPA.Browser.Playwright">
<tag>BrowserControl</tag>
<tag>Setter</tag>
<doc>Reloads current active page.</doc>
<status status="NOT RUN" starttime="20230614 11:56:56.178" endtime="20230614 11:56:56.179"/>
</kw>
<kw name="is-visible" library="ComponentStatus">
<var>${login_postcondition_flag}</var>
<arg>xpath=//tbody//div[@class="menuBar"]</arg>
<tag>component</tag>
<doc>checks whether the given selector is visible</doc>
<status status="NOT RUN" starttime="20230614 11:56:56.182" endtime="20230614 11:56:56.184"/>
</kw>
<status status="NOT RUN" starttime="20230614 11:56:56.173" endtime="20230614 11:56:56.185"/>
</branch>
<branch type="ELSE">
<kw name="Log To Console" library="BuiltIn">
<arg>&lt;== After clicking the login button, still in the login page ==&gt;</arg>
<doc>Logs the given message to the console.</doc>
<status status="NOT RUN" starttime="20230614 11:56:56.188" endtime="20230614 11:56:56.189"/>
</kw>
<status status="NOT RUN" starttime="20230614 11:56:56.186" endtime="20230614 11:56:56.190"/>
</branch>
<status status="NOT RUN" starttime="20230614 11:56:56.173" endtime="20230614 11:56:56.191"/>
</if>
<kw name="custom-fail" library="Exception">
<arg>${HOME_PAGE_NOT_FOUND_ERROR}</arg>
<tag>exception</tag>
<doc>wrapper over the builtin Fail keyword, to support additional operations during failure</doc>
<status status="NOT RUN" starttime="20230614 11:56:56.193" endtime="20230614 11:56:56.194"/>
</kw>
<status status="NOT RUN" starttime="20230614 11:56:56.169" endtime="20230614 11:56:56.195"/>
</branch>
<status status="PASS" starttime="20230614 11:56:56.168" endtime="20230614 11:56:56.197"/>
</if>
<status status="PASS" starttime="20230614 11:56:42.232" endtime="20230614 11:56:56.198"/>
</kw>
<kw name="click-logout">
<doc>Checks and clicks logout button</doc>
<try>
<branch type="TRY">
<kw name="get-logout-selector">
<var>${logout-selector}</var>
<doc>fetches devero home page logout selector</doc>
<return>
<value>${selectors}[e5][wellsky][homepage][logout]</value>
<status status="PASS" starttime="20230614 11:56:56.208" endtime="20230614 11:56:56.209"/>
</return>
<msg timestamp="20230614 11:56:56.212" level="INFO">${logout-selector} = //div[@class="right"]//a[@href]</msg>
<status status="PASS" starttime="20230614 11:56:56.205" endtime="20230614 11:56:56.213"/>
</kw>
<kw name="left-click" library="ButtonComponent">
<arg>${logout-selector}</arg>
<tag>component</tag>
<doc>Performs left click operation on button</doc>
<kw name="fail-if-not-attached" library="Validation">
<arg>${selector}</arg>
<tag>validation</tag>
<doc>Throws error if the element is not attanched to the DOM</doc>
<kw name="is-attached" library="ComponentStatus">
<var>${is-attached}</var>
<arg>${selector}</arg>
<tag>component</tag>
<doc>checks whether the given selector is attached to the DOM</doc>
<kw name="get-element-state" library="ComponentStatus">
<var>${result}</var>
<arg>${selector}</arg>
<arg>${ELEMENT_STATE_ATTACHED}</arg>
<tag>component</tag>
<doc>Used to get the element state</doc>
<kw name="Run Keyword And Return Status" library="BuiltIn">
<var>${result}</var>
<arg>Wait For Elements State</arg>
<arg>${selector}</arg>
<arg>${state}</arg>
<doc>Runs the given keyword with given arguments and returns the status as a Boolean value.</doc>
<kw name="Wait For Elements State" library="RPA.Browser.Playwright">
<arg>${selector}</arg>
<arg>${state}</arg>
<tag>PageContent</tag>
<tag>Wait</tag>
<doc>Waits for the element found by ``selector`` to satisfy state option.</doc>
<msg timestamp="20230614 11:56:56.354" level="INFO">Waited for Element with selector //div[@class="right"]//a[@href] at state attached</msg>
<status status="PASS" starttime="20230614 11:56:56.237" endtime="20230614 11:56:56.356"/>
</kw>
<msg timestamp="20230614 11:56:56.359" level="INFO">${result} = True</msg>
<status status="PASS" starttime="20230614 11:56:56.234" endtime="20230614 11:56:56.361"/>
</kw>
<return>
<value>${result}</value>
<status status="PASS" starttime="20230614 11:56:56.362" endtime="20230614 11:56:56.365"/>
</return>
<msg timestamp="20230614 11:56:56.368" level="INFO">${result} = True</msg>
<status status="PASS" starttime="20230614 11:56:56.228" endtime="20230614 11:56:56.369"/>
</kw>
<return>
<value>${result}</value>
<status status="PASS" starttime="20230614 11:56:56.370" endtime="20230614 11:56:56.372"/>
</return>
<msg timestamp="20230614 11:56:56.376" level="INFO">${is-attached} = True</msg>
<status status="PASS" starttime="20230614 11:56:56.224" endtime="20230614 11:56:56.377"/>
</kw>
<if>
<branch type="IF" condition="${is-attached} == ${False}">
<kw name="Fail" library="BuiltIn">
<arg>${ELEMENT_NOT_ATTACHED}</arg>
<doc>Fails the test with the given message and optionally alters its tags.</doc>
<status status="NOT RUN" starttime="20230614 11:56:56.383" endtime="20230614 11:56:56.384"/>
</kw>
<status status="NOT RUN" starttime="20230614 11:56:56.381" endtime="20230614 11:56:56.386"/>
</branch>
<status status="PASS" starttime="20230614 11:56:56.378" endtime="20230614 11:56:56.387"/>
</if>
<status status="PASS" starttime="20230614 11:56:56.219" endtime="20230614 11:56:56.389"/>
</kw>
<kw name="fail-if-not-enabled" library="Validation">
<arg>${selector}</arg>
<tag>validation</tag>
<doc>Throws error if the element is not enabled</doc>
<kw name="is-enabled" library="ComponentStatus">
<var>${is-enabled}</var>
<arg>${selector}</arg>
<tag>component</tag>
<doc>checks whether the given selector is enabled</doc>
<kw name="get-element-state" library="ComponentStatus">
<var>${result}</var>
<arg>${selector}</arg>
<arg>${ELEMENT_STATE_ENABLED}</arg>
<tag>component</tag>
<doc>Used to get the element state</doc>
<kw name="Run Keyword And Return Status" library="BuiltIn">
<var>${result}</var>
<arg>Wait For Elements State</arg>
<arg>${selector}</arg>
<arg>${state}</arg>
<doc>Runs the given keyword with given arguments and returns the status as a Boolean value.</doc>
<kw name="Wait For Elements State" library="RPA.Browser.Playwright">
<arg>${selector}</arg>
<arg>${state}</arg>
<tag>PageContent</tag>
<tag>Wait</tag>
<doc>Waits for the element found by ``selector`` to satisfy state option.</doc>
<msg timestamp="20230614 11:56:56.489" level="INFO">Waited for Element with selector //div[@class="right"]//a[@href] at state enabled</msg>
<status status="PASS" starttime="20230614 11:56:56.410" endtime="20230614 11:56:56.490"/>
</kw>
<msg timestamp="20230614 11:56:56.491" level="INFO">${result} = True</msg>
<status status="PASS" starttime="20230614 11:56:56.406" endtime="20230614 11:56:56.491"/>
</kw>
<return>
<value>${result}</value>
<status status="PASS" starttime="20230614 11:56:56.492" endtime="20230614 11:56:56.493"/>
</return>
<msg timestamp="20230614 11:56:56.496" level="INFO">${result} = True</msg>
<status status="PASS" starttime="20230614 11:56:56.401" endtime="20230614 11:56:56.497"/>
</kw>
<return>
<value>${result}</value>
<status status="PASS" starttime="20230614 11:56:56.498" endtime="20230614 11:56:56.499"/>
</return>
<msg timestamp="20230614 11:56:56.501" level="INFO">${is-enabled} = True</msg>
<status status="PASS" starttime="20230614 11:56:56.396" endtime="20230614 11:56:56.502"/>
</kw>
<if>
<branch type="IF" condition="${is-enabled} == ${False}">
<kw name="Fail" library="BuiltIn">
<arg>${ELEMENT_NOT_ENABLED}</arg>
<doc>Fails the test with the given message and optionally alters its tags.</doc>
<status status="NOT RUN" starttime="20230614 11:56:56.506" endtime="20230614 11:56:56.507"/>
</kw>
<status status="NOT RUN" starttime="20230614 11:56:56.504" endtime="20230614 11:56:56.508"/>
</branch>
<status status="PASS" starttime="20230614 11:56:56.503" endtime="20230614 11:56:56.509"/>
</if>
<status status="PASS" starttime="20230614 11:56:56.392" endtime="20230614 11:56:56.510"/>
</kw>
<kw name="Scroll To Element" library="RPA.Browser.Playwright">
<arg>${selector}</arg>
<tag>PageContent</tag>
<tag>Setter</tag>
<doc>This method waits for actionability checks, then tries to scroll element into view,
unless it is completely visible.</doc>
<status status="PASS" starttime="20230614 11:56:56.512" endtime="20230614 11:56:56.548"/>
</kw>
<kw name="Click" library="RPA.Browser.Playwright">
<arg>${selector}</arg>
<arg>left</arg>
<arg>1</arg>
<tag>PageContent</tag>
<tag>Setter</tag>
<doc>Simulates mouse click on the element found by ``selector``.</doc>
<status status="PASS" starttime="20230614 11:56:56.550" endtime="20230614 11:56:57.139"/>
</kw>
<status status="PASS" starttime="20230614 11:56:56.215" endtime="20230614 11:56:57.142"/>
</kw>
<status status="PASS" starttime="20230614 11:56:56.204" endtime="20230614 11:56:57.143"/>
</branch>
<branch type="EXCEPT">
<pattern>${ELEMENT_NOT_ATTACHED}</pattern>
<kw name="custom-fail" library="Exception">
<arg>${WELLSKY_BUSINESS_LOGOUT_BUTTON_NOT_ATTACHED}</arg>
<tag>exception</tag>
<doc>wrapper over the builtin Fail keyword, to support additional operations during failure</doc>
<status status="NOT RUN" starttime="20230614 11:56:57.149" endtime="20230614 11:56:57.151"/>
</kw>
<status status="NOT RUN" starttime="20230614 11:56:57.145" endtime="20230614 11:56:57.152"/>
</branch>
<branch type="EXCEPT">
<pattern>${ELEMENT_NOT_ENABLED}</pattern>
<kw name="custom-fail" library="Exception">
<arg>${WELLSKY_BUSINESS_LOGOUT_BUTTON_NOT_ENABLED}</arg>
<tag>exception</tag>
<doc>wrapper over the builtin Fail keyword, to support additional operations during failure</doc>
<status status="NOT RUN" starttime="20230614 11:56:57.157" endtime="20230614 11:56:57.159"/>
</kw>
<status status="NOT RUN" starttime="20230614 11:56:57.154" endtime="20230614 11:56:57.160"/>
</branch>
<status status="PASS" starttime="20230614 11:56:56.204" endtime="20230614 11:56:57.164"/>
</try>
<kw name="check-page-title-and-data-form-name" library="CommonUtilities">
<var>${is_valid_landing_page}</var>
<arg>//title</arg>
<arg>form[id="loginform"]</arg>
<tag>function</tag>
<doc>validates page title and data form name</doc>
<kw name="Set Variable" library="BuiltIn">
<var>${has_precondition_passed}</var>
<arg>${False}</arg>
<doc>Returns the given values which can then be assigned to a variables.</doc>
<msg timestamp="20230614 11:56:57.178" level="INFO">${has_precondition_passed} = False</msg>
<status status="PASS" starttime="20230614 11:56:57.174" endtime="20230614 11:56:57.179"/>
</kw>
<kw name="Get Element" library="RPA.Browser.Playwright">
<var>${login_form_name}</var>
<arg>${data_form}</arg>
<tag>Getter</tag>
<tag>PageContent</tag>
<doc>Returns a reference to a Playwright [https://playwright.dev/docs/api/class-locator|Locator].</doc>
<msg timestamp="20230614 11:56:57.693" level="INFO">Locator found successfully.</msg>
<msg timestamp="20230614 11:56:57.695" level="INFO">${login_form_name} = element=8fcd93a3-7c2a-4704-9071-cfb40d346f64</msg>
<status status="PASS" starttime="20230614 11:56:57.182" endtime="20230614 11:56:57.702"/>
</kw>
<kw name="Get Attribute" library="RPA.Browser.Playwright">
<var>${form_name}</var>
<arg>${login_form_name}</arg>
<arg>id</arg>
<tag>Assertion</tag>
<tag>Getter</tag>
<tag>PageContent</tag>
<doc>Returns the HTML ``attribute`` of the element found by ``selector``.</doc>
<msg timestamp="20230614 11:56:57.737" level="INFO">${form_name} = loginform</msg>
<status status="PASS" starttime="20230614 11:56:57.706" endtime="20230614 11:56:57.738"/>
</kw>
<kw name="Get Element" library="RPA.Browser.Playwright">
<var>${title_element}</var>
<arg>${title}</arg>
<tag>Getter</tag>
<tag>PageContent</tag>
<doc>Returns a reference to a Playwright [https://playwright.dev/docs/api/class-locator|Locator].</doc>
<msg timestamp="20230614 11:56:57.764" level="INFO">Locator found successfully.</msg>
<msg timestamp="20230614 11:56:57.766" level="INFO">${title_element} = element=359cdcca-d21c-4781-ac29-f74906c64a93</msg>
<status status="PASS" starttime="20230614 11:56:57.741" endtime="20230614 11:56:57.767"/>
</kw>
<kw name="Get Property" library="RPA.Browser.Playwright">
<var>${page_title}</var>
<arg>${title_element}</arg>
<arg>innerHTML</arg>
<tag>Assertion</tag>
<tag>Getter</tag>
<tag>PageContent</tag>
<doc>Returns the ``property`` of the element found by ``selector``.</doc>
<msg timestamp="20230614 11:56:57.793" level="INFO">${page_title} = Kinnser Software</msg>
<status status="PASS" starttime="20230614 11:56:57.769" endtime="20230614 11:56:57.794"/>
</kw>
<if>
<branch type="IF" condition="&quot;${form_name}&quot; == &quot;loginform&quot; and &quot;${page_title}&quot; == &quot;Kinnser Software&quot;">
<kw name="Set Variable" library="BuiltIn">
<var>${has_precondition_passed}</var>
<arg>${True}</arg>
<doc>Returns the given values which can then be assigned to a variables.</doc>
<msg timestamp="20230614 11:56:57.806" level="INFO">${has_precondition_passed} = True</msg>
<status status="PASS" starttime="20230614 11:56:57.803" endtime="20230614 11:56:57.806"/>
</kw>
<status status="PASS" starttime="20230614 11:56:57.797" endtime="20230614 11:56:57.809"/>
</branch>
<status status="PASS" starttime="20230614 11:56:57.796" endtime="20230614 11:56:57.810"/>
</if>
<return>
<value>${has_precondition_passed}</value>
<status status="PASS" starttime="20230614 11:56:57.811" endtime="20230614 11:56:57.812"/>
</return>
<msg timestamp="20230614 11:56:57.815" level="INFO">${is_valid_landing_page} = True</msg>
<status status="PASS" starttime="20230614 11:56:57.166" endtime="20230614 11:56:57.816"/>
</kw>
<if>
<branch type="IF" condition="${is_valid_landing_page} == ${False}">
<kw name="custom-fail" library="Exception">
<arg>${FAILED_TO_LOGOUT}</arg>
<tag>exception</tag>
<doc>wrapper over the builtin Fail keyword, to support additional operations during failure</doc>
<status status="NOT RUN" starttime="20230614 11:56:57.822" endtime="20230614 11:56:57.824"/>
</kw>
<status status="NOT RUN" starttime="20230614 11:56:57.819" endtime="20230614 11:56:57.825"/>
</branch>
<status status="PASS" starttime="20230614 11:56:57.817" endtime="20230614 11:56:57.828"/>
</if>
<status status="PASS" starttime="20230614 11:56:56.201" endtime="20230614 11:56:57.833"/>
</kw>
<status status="PASS" starttime="20230614 11:56:37.753" endtime="20230614 11:56:57.836"/>
</test>
<status status="PASS" starttime="20230614 11:56:33.825" endtime="20230614 11:56:58.025"/>
</suite>
<statistics>
<total>
<stat pass="1" fail="0" skip="0">All Tasks</stat>
</total>
<tag>
</tag>
<suite>
<stat pass="1" fail="0" skip="0" id="s1" name="Wellskyheader">Wellskyheader</stat>
</suite>
</statistics>
<errors>
<msg timestamp="20230614 11:56:41.982" level="WARN">Direct assignment of values as 'secret' is deprecated. Use special variable syntax to resolve variable. Example $var instead of ${var}.</msg>
</errors>
</robot>
